c:\users\dylan\source\repos\opengl\opengl\x64\debug\vc143.pdb
c:\users\dylan\source\repos\opengl\opengl\x64\debug\vc143.idb
c:\users\dylan\source\repos\opengl\opengl\x64\debug\glad.obj
c:\users\dylan\source\repos\opengl\opengl\x64\debug\stb_image.obj
c:\users\dylan\source\repos\opengl\opengl\x64\debug\main.obj
c:\users\dylan\source\repos\opengl\opengl\x64\debug\shader.obj
c:\users\dylan\source\repos\opengl\opengl\x64\debug\voxelfunctions.obj
c:\users\dylan\source\repos\opengl\opengl\x64\debug\vector3.obj
c:\users\dylan\source\repos\opengl\opengl\x64\debug\opengl.ilk
c:\users\dylan\source\repos\opengl\x64\debug\opengl.pdb
c:\users\dylan\source\repos\opengl\opengl\x64\debug\opengl.tlog\cl.command.1.tlog
c:\users\dylan\source\repos\opengl\opengl\x64\debug\opengl.tlog\cl.items.tlog
c:\users\dylan\source\repos\opengl\opengl\x64\debug\opengl.tlog\cl.read.1.tlog
c:\users\dylan\source\repos\opengl\opengl\x64\debug\opengl.tlog\cl.write.1.tlog
c:\users\dylan\source\repos\opengl\opengl\x64\debug\opengl.tlog\link.18748-cvtres.read.1.tlog
c:\users\dylan\source\repos\opengl\opengl\x64\debug\opengl.tlog\link.18748-cvtres.write.1.tlog
c:\users\dylan\source\repos\opengl\opengl\x64\debug\opengl.tlog\link.18748-rc.read.1.tlog
c:\users\dylan\source\repos\opengl\opengl\x64\debug\opengl.tlog\link.18748-rc.write.1.tlog
c:\users\dylan\source\repos\opengl\opengl\x64\debug\opengl.tlog\link.18748.read.1.tlog
c:\users\dylan\source\repos\opengl\opengl\x64\debug\opengl.tlog\link.18748.read.2.tlog
c:\users\dylan\source\repos\opengl\opengl\x64\debug\opengl.tlog\link.18748.write.1.tlog
c:\users\dylan\source\repos\opengl\opengl\x64\debug\opengl.tlog\link.command.1.tlog
c:\users\dylan\source\repos\opengl\opengl\x64\debug\opengl.tlog\link.read.1.tlog
c:\users\dylan\source\repos\opengl\opengl\x64\debug\opengl.tlog\link.secondary.1.tlog
c:\users\dylan\source\repos\opengl\opengl\x64\debug\opengl.tlog\link.write.1.tlog
